#
# There is insufficient memory for the Java Runtime Environment to continue.
# Cannot create GC thread. Out of system resources.
# Possible reasons:
#   The system is out of physical RAM or swap space
#   In 32 bit mode, the process size limit was hit
# Possible solutions:
#   Reduce memory load on the system
#   Increase physical memory or swap space
#   Check if swap backing store is full
#   Use 64 bit Java on a 64 bit OS
#   Decrease Java heap size (-Xmx/-Xms)
#   Decrease number of Java threads
#   Decrease Java thread stack sizes (-Xss)
#   Set larger code cache with -XX:ReservedCodeCacheSize=
# This output file may be truncated or incomplete.
#
#  Out of Memory Error (gcTaskThread.cpp:48), pid=12604, tid=0x00007fd0b4ea2700
#
# JRE version:  (8.0_121-b13) (build )
# Java VM: OpenJDK 64-Bit Server VM (25.121-b13 mixed mode linux-amd64 compressed oops)
# Failed to write core dump. Core dumps have been disabled. To enable core dumping, try "ulimit -c unlimited" before starting Java again
#

---------------  T H R E A D  ---------------

Current thread (0x00007fd0ac008000):  JavaThread "Unknown thread" [_thread_in_vm, id=12611, stack(0x00007fd0b4da2000,0x00007fd0b4ea3000)]

Stack: [0x00007fd0b4da2000,0x00007fd0b4ea3000],  sp=0x00007fd0b4ea1800,  free space=1022k
Native frames: (J=compiled Java code, j=interpreted, Vv=VM code, C=native code)
V  [libjvm.so+0xa6647b]
V  [libjvm.so+0x4c32dc]
V  [libjvm.so+0x5a547f]
V  [libjvm.so+0x5a45e7]
V  [libjvm.so+0x8da169]
V  [libjvm.so+0xa29979]
V  [libjvm.so+0xa29bc2]
V  [libjvm.so+0x60e43f]
V  [libjvm.so+0xa0ef6a]
V  [libjvm.so+0x6886e2]  JNI_CreateJavaVM+0x62
C  [libjli.so+0x2f2e]
C  [libjli.so+0x73dd]
C  [libpthread.so.0+0x76ba]  start_thread+0xca


---------------  P R O C E S S  ---------------

Java Threads: ( => current thread )

Other Threads:

=>0x00007fd0ac008000 (exited) JavaThread "Unknown thread" [_thread_in_vm, id=12611, stack(0x00007fd0b4da2000,0x00007fd0b4ea3000)]

VM state:not at safepoint (not fully initialized)

VM Mutex/Monitor currently owned by a thread: None

GC Heap History (0 events):
No events

Deoptimization events (0 events):
No events

Internal exceptions (0 events):
No events

Events (0 events):
No events


Dynamic libraries:
00400000-00401000 r-xp 00000000 00:0e 28591870                           /usr/lib/jvm/java-8-openjdk-amd64/jre/bin/java
00600000-00601000 r--p 00000000 00:0e 28591870                           /usr/lib/jvm/java-8-openjdk-amd64/jre/bin/java
00601000-00602000 rw-p 00001000 00:0e 28591870                           /usr/lib/jvm/java-8-openjdk-amd64/jre/bin/java
00643000-00664000 rw-p 00000000 00:00 0                                  [heap]
84600000-89900000 rw-p 00000000 00:00 0 
89900000-d6d00000 ---p 00000000 00:00 0 
d6d00000-d9600000 rw-p 00000000 00:00 0 
d9600000-100000000 ---p 00000000 00:00 0 
7fd09d000000-7fd09d270000 rwxp 00000000 00:00 0 
7fd09d270000-7fd0ac000000 ---p 00000000 00:00 0 
7fd0ac000000-7fd0ac408000 rw-p 00000000 00:00 0 
7fd0ac408000-7fd0b0000000 ---p 00000000 00:00 0 
7fd0b1136000-7fd0b1137000 ---p 00000000 00:00 0 
7fd0b1137000-7fd0b1237000 rw-p 00000000 00:00 0 
7fd0b1237000-7fd0b1238000 ---p 00000000 00:00 0 
7fd0b1238000-7fd0b1338000 rw-p 00000000 00:00 0 
7fd0b1338000-7fd0b1339000 ---p 00000000 00:00 0 
7fd0b1339000-7fd0b1463000 rw-p 00000000 00:00 0 
7fd0b1463000-7fd0b16cd000 ---p 00000000 00:00 0 
7fd0b16cd000-7fd0b16f7000 rw-p 00000000 00:00 0 
7fd0b16f7000-7fd0b1960000 ---p 00000000 00:00 0 
7fd0b1960000-7fd0b1975000 rw-p 00000000 00:00 0 
7fd0b1975000-7fd0b1aaa000 ---p 00000000 00:00 0 
7fd0b1aaa000-7fd0b1ab5000 rw-p 00000000 00:00 0 
7fd0b1ab5000-7fd0b1e6b000 ---p 00000000 00:00 0 
7fd0b1e6b000-7fd0b1e73000 r-xp 00000000 00:0e 28579990                   /usr/lib/jvm/java-8-openjdk-amd64/jre/lib/amd64/libzip.so
7fd0b1e73000-7fd0b2072000 ---p 00008000 00:0e 28579990                   /usr/lib/jvm/java-8-openjdk-amd64/jre/lib/amd64/libzip.so
7fd0b2072000-7fd0b2073000 r--p 00007000 00:0e 28579990                   /usr/lib/jvm/java-8-openjdk-amd64/jre/lib/amd64/libzip.so
7fd0b2073000-7fd0b2074000 rw-p 00008000 00:0e 28579990                   /usr/lib/jvm/java-8-openjdk-amd64/jre/lib/amd64/libzip.so
7fd0b2074000-7fd0b207f000 r-xp 00000000 00:0e 27659496                   /lib/x86_64-linux-gnu/libnss_files-2.23.so
7fd0b207f000-7fd0b227e000 ---p 0000b000 00:0e 27659496                   /lib/x86_64-linux-gnu/libnss_files-2.23.so
7fd0b227e000-7fd0b227f000 r--p 0000a000 00:0e 27659496                   /lib/x86_64-linux-gnu/libnss_files-2.23.so
7fd0b227f000-7fd0b2280000 rw-p 0000b000 00:0e 27659496                   /lib/x86_64-linux-gnu/libnss_files-2.23.so
7fd0b2280000-7fd0b2286000 rw-p 00000000 00:00 0 
7fd0b2286000-7fd0b22b3000 r-xp 00000000 00:0e 28592284                   /usr/lib/jvm/java-8-openjdk-amd64/jre/lib/amd64/libjava.so
7fd0b22b3000-7fd0b24b2000 ---p 0002d000 00:0e 28592284                   /usr/lib/jvm/java-8-openjdk-amd64/jre/lib/amd64/libjava.so
7fd0b24b2000-7fd0b24b3000 r--p 0002c000 00:0e 28592284                   /usr/lib/jvm/java-8-openjdk-amd64/jre/lib/amd64/libjava.so
7fd0b24b3000-7fd0b24b5000 rw-p 0002d000 00:0e 28592284                   /usr/lib/jvm/java-8-openjdk-amd64/jre/lib/amd64/libjava.so
7fd0b24b5000-7fd0b24c4000 r-xp 00000000 00:0e 28579989                   /usr/lib/jvm/java-8-openjdk-amd64/jre/lib/amd64/libverify.so
7fd0b24c4000-7fd0b26c3000 ---p 0000f000 00:0e 28579989                   /usr/lib/jvm/java-8-openjdk-amd64/jre/lib/amd64/libverify.so
7fd0b26c3000-7fd0b26c5000 r--p 0000e000 00:0e 28579989                   /usr/lib/jvm/java-8-openjdk-amd64/jre/lib/amd64/libverify.so
7fd0b26c5000-7fd0b26c6000 rw-p 00010000 00:0e 28579989                   /usr/lib/jvm/java-8-openjdk-amd64/jre/lib/amd64/libverify.so
7fd0b26c6000-7fd0b26cd000 r-xp 00000000 00:0e 27657609                   /lib/x86_64-linux-gnu/librt-2.23.so
7fd0b26cd000-7fd0b28cc000 ---p 00007000 00:0e 27657609                   /lib/x86_64-linux-gnu/librt-2.23.so
7fd0b28cc000-7fd0b28cd000 r--p 00006000 00:0e 27657609                   /lib/x86_64-linux-gnu/librt-2.23.so
7fd0b28cd000-7fd0b28ce000 rw-p 00007000 00:0e 27657609                   /lib/x86_64-linux-gnu/librt-2.23.so
7fd0b28ce000-7fd0b28e4000 r-xp 00000000 00:0e 27658605                   /lib/x86_64-linux-gnu/libgcc_s.so.1
7fd0b28e4000-7fd0b2ae3000 ---p 00016000 00:0e 27658605                   /lib/x86_64-linux-gnu/libgcc_s.so.1
7fd0b2ae3000-7fd0b2ae4000 rw-p 00015000 00:0e 27658605                   /lib/x86_64-linux-gnu/libgcc_s.so.1
7fd0b2ae4000-7fd0b2bec000 r-xp 00000000 00:0e 27657598                   /lib/x86_64-linux-gnu/libm-2.23.so
7fd0b2bec000-7fd0b2deb000 ---p 00108000 00:0e 27657598                   /lib/x86_64-linux-gnu/libm-2.23.so
7fd0b2deb000-7fd0b2dec000 r--p 00107000 00:0e 27657598                   /lib/x86_64-linux-gnu/libm-2.23.so
7fd0b2dec000-7fd0b2ded000 rw-p 00108000 00:0e 27657598                   /lib/x86_64-linux-gnu/libm-2.23.so
7fd0b2ded000-7fd0b2f5f000 r-xp 00000000 00:0e 28592256                   /usr/lib/x86_64-linux-gnu/libstdc++.so.6.0.21
7fd0b2f5f000-7fd0b315f000 ---p 00172000 00:0e 28592256                   /usr/lib/x86_64-linux-gnu/libstdc++.so.6.0.21
7fd0b315f000-7fd0b3169000 r--p 00172000 00:0e 28592256                   /usr/lib/x86_64-linux-gnu/libstdc++.so.6.0.21
7fd0b3169000-7fd0b316b000 rw-p 0017c000 00:0e 28592256                   /usr/lib/x86_64-linux-gnu/libstdc++.so.6.0.21
7fd0b316b000-7fd0b316f000 rw-p 00000000 00:00 0 
7fd0b316f000-7fd0b3dbf000 r-xp 00000000 00:0e 28579996                   /usr/lib/jvm/java-8-openjdk-amd64/jre/lib/amd64/server/libjvm.so
7fd0b3dbf000-7fd0b3fbe000 ---p 00c50000 00:0e 28579996                   /usr/lib/jvm/java-8-openjdk-amd64/jre/lib/amd64/server/libjvm.so
7fd0b3fbe000-7fd0b4051000 r--p 00c4f000 00:0e 28579996                   /usr/lib/jvm/java-8-openjdk-amd64/jre/lib/amd64/server/libjvm.so
7fd0b4051000-7fd0b407a000 rw-p 00ce2000 00:0e 28579996                   /usr/lib/jvm/java-8-openjdk-amd64/jre/lib/amd64/server/libjvm.so
7fd0b407a000-7fd0b40aa000 rw-p 00000000 00:00 0 
7fd0b40aa000-7fd0b40c2000 r-xp 00000000 00:0e 27657302                   /lib/x86_64-linux-gnu/libpthread-2.23.so
7fd0b40c2000-7fd0b42c1000 ---p 00018000 00:0e 27657302                   /lib/x86_64-linux-gnu/libpthread-2.23.so
7fd0b42c1000-7fd0b42c2000 r--p 00017000 00:0e 27657302                   /lib/x86_64-linux-gnu/libpthread-2.23.so
7fd0b42c2000-7fd0b42c3000 rw-p 00018000 00:0e 27657302                   /lib/x86_64-linux-gnu/libpthread-2.23.so
7fd0b42c3000-7fd0b42c7000 rw-p 00000000 00:00 0 
7fd0b42c7000-7fd0b42ca000 r-xp 00000000 00:0e 27657440                   /lib/x86_64-linux-gnu/libdl-2.23.so
7fd0b42ca000-7fd0b44c9000 ---p 00003000 00:0e 27657440                   /lib/x86_64-linux-gnu/libdl-2.23.so
7fd0b44c9000-7fd0b44ca000 r--p 00002000 00:0e 27657440                   /lib/x86_64-linux-gnu/libdl-2.23.so
7fd0b44ca000-7fd0b44cb000 rw-p 00003000 00:0e 27657440                   /lib/x86_64-linux-gnu/libdl-2.23.so
7fd0b44cb000-7fd0b44e4000 r-xp 00000000 00:0e 27658694                   /lib/x86_64-linux-gnu/libz.so.1.2.8
7fd0b44e4000-7fd0b46e3000 ---p 00019000 00:0e 27658694                   /lib/x86_64-linux-gnu/libz.so.1.2.8
7fd0b46e3000-7fd0b46e4000 r--p 00018000 00:0e 27658694                   /lib/x86_64-linux-gnu/libz.so.1.2.8
7fd0b46e4000-7fd0b46e5000 rw-p 00019000 00:0e 27658694                   /lib/x86_64-linux-gnu/libz.so.1.2.8
7fd0b46e5000-7fd0b48a4000 r-xp 00000000 00:0e 27659492                   /lib/x86_64-linux-gnu/libc-2.23.so
7fd0b48a4000-7fd0b4aa4000 ---p 001bf000 00:0e 27659492                   /lib/x86_64-linux-gnu/libc-2.23.so
7fd0b4aa4000-7fd0b4aa8000 r--p 001bf000 00:0e 27659492                   /lib/x86_64-linux-gnu/libc-2.23.so
7fd0b4aa8000-7fd0b4aaa000 rw-p 001c3000 00:0e 27659492                   /lib/x86_64-linux-gnu/libc-2.23.so
7fd0b4aaa000-7fd0b4aae000 rw-p 00000000 00:00 0 
7fd0b4aae000-7fd0b4abb000 r-xp 00000000 00:0e 28579991                   /usr/lib/jvm/java-8-openjdk-amd64/jre/lib/amd64/jli/libjli.so
7fd0b4abb000-7fd0b4cbb000 ---p 0000d000 00:0e 28579991                   /usr/lib/jvm/java-8-openjdk-amd64/jre/lib/amd64/jli/libjli.so
7fd0b4cbb000-7fd0b4cbc000 r--p 0000d000 00:0e 28579991                   /usr/lib/jvm/java-8-openjdk-amd64/jre/lib/amd64/jli/libjli.so
7fd0b4cbc000-7fd0b4cbd000 rw-p 0000e000 00:0e 28579991                   /usr/lib/jvm/java-8-openjdk-amd64/jre/lib/amd64/jli/libjli.so
7fd0b4cbd000-7fd0b4ce3000 r-xp 00000000 00:0e 27659488                   /lib/x86_64-linux-gnu/ld-2.23.so
7fd0b4da2000-7fd0b4da5000 ---p 00000000 00:00 0 
7fd0b4da5000-7fd0b4ea8000 rw-p 00000000 00:00 0 
7fd0b4ed6000-7fd0b4ede000 rw-s 00000000 00:14 186040                     /tmp/hsperfdata_feilimth/12604
7fd0b4ede000-7fd0b4edf000 rw-p 00000000 00:00 0 
7fd0b4edf000-7fd0b4ee0000 r--p 00000000 00:00 0 
7fd0b4ee0000-7fd0b4ee2000 rw-p 00000000 00:00 0 
7fd0b4ee2000-7fd0b4ee3000 r--p 00025000 00:0e 27659488                   /lib/x86_64-linux-gnu/ld-2.23.so
7fd0b4ee3000-7fd0b4ee4000 rw-p 00026000 00:0e 27659488                   /lib/x86_64-linux-gnu/ld-2.23.so
7fd0b4ee4000-7fd0b4ee5000 rw-p 00000000 00:00 0 
7ffc5965e000-7ffc5967f000 rw-p 00000000 00:00 0                          [stack]
7ffc596ca000-7ffc596cc000 r--p 00000000 00:00 0                          [vvar]
7ffc596cc000-7ffc596ce000 r-xp 00000000 00:00 0                          [vdso]
ffffffffff600000-ffffffffff601000 r-xp 00000000 00:00 0                  [vsyscall]

VM Arguments:
jvm_args: -Dfile.encoding=ISO-8859-1 
java_command: Protocol_SR.Main
java_class_path (initial): /u/home/stud/feilimth/workspace/Protocol_1/bin:/net/arch/ikr/simlib-java/ikr-simlib-4.0.0.jar
Launcher Type: SUN_STANDARD

Environment Variables:
JAVA_HOME=/usr/lib/jvm/default-java
PATH=/usr/local/redir/local/bin:/usr/local/bin:/usr/local/kde3/bin:/bin:/usr/bin:/usr/sbin:/sbin:/bin:/usr/bin:/net/arch/opt/bin:/net/share/bin
SHELL=/bin/bash
DISPLAY=:0

Signal Handlers:
SIGSEGV: [libjvm.so+0xa66fd0], sa_mask[0]=11111111011111111101111111111110, sa_flags=SA_RESTART|SA_SIGINFO
SIGBUS: [libjvm.so+0xa66fd0], sa_mask[0]=11111111011111111101111111111110, sa_flags=SA_RESTART|SA_SIGINFO
SIGFPE: [libjvm.so+0x8b0180], sa_mask[0]=11111111011111111101111111111110, sa_flags=SA_RESTART|SA_SIGINFO
SIGPIPE: [libjvm.so+0x8b0180], sa_mask[0]=11111111011111111101111111111110, sa_flags=SA_RESTART|SA_SIGINFO
SIGXFSZ: [libjvm.so+0x8b0180], sa_mask[0]=11111111011111111101111111111110, sa_flags=SA_RESTART|SA_SIGINFO
SIGILL: [libjvm.so+0x8b0180], sa_mask[0]=11111111011111111101111111111110, sa_flags=SA_RESTART|SA_SIGINFO
SIGUSR1: SIG_DFL, sa_mask[0]=00000000000000000000000000000000, sa_flags=none
SIGUSR2: [libjvm.so+0x8b0030], sa_mask[0]=00100000000000000000000000000000, sa_flags=SA_RESTART|SA_SIGINFO
SIGHUP: SIG_DFL, sa_mask[0]=00000000000000000000000000000000, sa_flags=none
SIGINT: SIG_DFL, sa_mask[0]=00000000000000000000000000000000, sa_flags=none
SIGTERM: SIG_DFL, sa_mask[0]=00000000000000000000000000000000, sa_flags=none
SIGQUIT: SIG_DFL, sa_mask[0]=00000000000000000000000000000000, sa_flags=none


---------------  S Y S T E M  ---------------

OS:DISTRIB_ID=Ubuntu
DISTRIB_RELEASE=16.04
DISTRIB_CODENAME=xenial
DISTRIB_DESCRIPTION="Ubuntu 16.04.2 LTS"

uname:Linux 4.4.0-p1-64 #3 SMP Wed Mar 8 15:42:50 CET 2017 x86_64
libc:glibc 2.23 NPTL 2.23 
rlimit: STACK 8192k, CORE 0k, NPROC 256, NOFILE 4096, AS infinity
load average:0.18 0.14 0.06

/proc/meminfo:
MemTotal:        8094104 kB
MemFree:         3622952 kB
MemAvailable:    5631644 kB
Buffers:             212 kB
Cached:          2346388 kB
SwapCached:            0 kB
Active:          2330092 kB
Inactive:        2030776 kB
Active(anon):    2016152 kB
Inactive(anon):   331400 kB
Active(file):     313940 kB
Inactive(file):  1699376 kB
Unevictable:           0 kB
Mlocked:               0 kB
SwapTotal:             0 kB
SwapFree:              0 kB
Dirty:                36 kB
Writeback:             0 kB
AnonPages:       2014624 kB
Mapped:           547644 kB
Shmem:            333284 kB
Slab:              57556 kB
SReclaimable:      37988 kB
SUnreclaim:        19568 kB
KernelStack:        5520 kB
PageTables:        21948 kB
NFS_Unstable:         64 kB
Bounce:                0 kB
WritebackTmp:          0 kB
CommitLimit:     4047052 kB
Committed_AS:    3835756 kB
VmallocTotal:   34359738367 kB
VmallocUsed:           0 kB
VmallocChunk:          0 kB
DirectMap4k:       12800 kB
DirectMap2M:     2011136 kB
DirectMap1G:     7340032 kB


CPU:total 4 (2 cores per cpu, 2 threads per core) family 6 model 69 stepping 1, cmov, cx8, fxsr, mmx, sse, sse2, sse3, ssse3, sse4.1, sse4.2, popcnt, avx, avx2, aes, clmul, erms, lzcnt, ht, tsc, tscinvbit, bmi1, bmi2

/proc/cpuinfo:
processor	: 0
vendor_id	: GenuineIntel
cpu family	: 6
model		: 69
model name	: Intel(R) Core(TM) i5-4250U CPU @ 1.30GHz
stepping	: 1
microcode	: 0x16
cpu MHz		: 2294.992
cache size	: 3072 KB
physical id	: 0
siblings	: 4
core id		: 0
cpu cores	: 2
apicid		: 0
initial apicid	: 0
fpu		: yes
fpu_exception	: yes
cpuid level	: 13
wp		: yes
flags		: fpu vme de pse tsc msr pae mce cx8 apic sep mtrr pge mca cmov pat pse36 clflush dts acpi mmx fxsr sse sse2 ss ht tm pbe syscall nx pdpe1gb rdtscp lm constant_tsc arch_perfmon pebs bts rep_good nopl xtopology nonstop_tsc aperfmperf eagerfpu pni pclmulqdq dtes64 monitor ds_cpl vmx est tm2 ssse3 sdbg fma cx16 xtpr pdcm pcid sse4_1 sse4_2 x2apic movbe popcnt tsc_deadline_timer aes xsave avx f16c rdrand lahf_lm abm ida arat epb pln pts dtherm tpr_shadow vnmi flexpriority ept vpid fsgsbase tsc_adjust bmi1 avx2 smep bmi2 erms invpcid xsaveopt
bugs		:
bogomips	: 3791.41
clflush size	: 64
cache_alignment	: 64
address sizes	: 39 bits physical, 48 bits virtual
power management:

processor	: 1
vendor_id	: GenuineIntel
cpu family	: 6
model		: 69
model name	: Intel(R) Core(TM) i5-4250U CPU @ 1.30GHz
stepping	: 1
microcode	: 0x16
cpu MHz		: 2368.988
cache size	: 3072 KB
physical id	: 0
siblings	: 4
core id		: 1
cpu cores	: 2
apicid		: 2
initial apicid	: 2
fpu		: yes
fpu_exception	: yes
cpuid level	: 13
wp		: yes
flags		: fpu vme de pse tsc msr pae mce cx8 apic sep mtrr pge mca cmov pat pse36 clflush dts acpi mmx fxsr sse sse2 ss ht tm pbe syscall nx pdpe1gb rdtscp lm constant_tsc arch_perfmon pebs bts rep_good nopl xtopology nonstop_tsc aperfmperf eagerfpu pni pclmulqdq dtes64 monitor ds_cpl vmx est tm2 ssse3 sdbg fma cx16 xtpr pdcm pcid sse4_1 sse4_2 x2apic movbe popcnt tsc_deadline_timer aes xsave avx f16c rdrand lahf_lm abm ida arat epb pln pts dtherm tpr_shadow vnmi flexpriority ept vpid fsgsbase tsc_adjust bmi1 avx2 smep bmi2 erms invpcid xsaveopt
bugs		:
bogomips	: 3791.41
clflush size	: 64
cache_alignment	: 64
address sizes	: 39 bits physical, 48 bits virtual
power management:

processor	: 2
vendor_id	: GenuineIntel
cpu family	: 6
model		: 69
model name	: Intel(R) Core(TM) i5-4250U CPU @ 1.30GHz
stepping	: 1
microcode	: 0x16
cpu MHz		: 2287.496
cache size	: 3072 KB
physical id	: 0
siblings	: 4
core id		: 0
cpu cores	: 2
apicid		: 1
initial apicid	: 1
fpu		: yes
fpu_exception	: yes
cpuid level	: 13
wp		: yes
flags		: fpu vme de pse tsc msr pae mce cx8 apic sep mtrr pge mca cmov pat pse36 clflush dts acpi mmx fxsr sse sse2 ss ht tm pbe syscall nx pdpe1gb rdtscp lm constant_tsc arch_perfmon pebs bts rep_good nopl xtopology nonstop_tsc aperfmperf eagerfpu pni pclmulqdq dtes64 monitor ds_cpl vmx est tm2 ssse3 sdbg fma cx16 xtpr pdcm pcid sse4_1 sse4_2 x2apic movbe popcnt tsc_deadline_timer aes xsave avx f16c rdrand lahf_lm abm ida arat epb pln pts dtherm tpr_shadow vnmi flexpriority ept vpid fsgsbase tsc_adjust bmi1 avx2 smep bmi2 erms invpcid xsaveopt
bugs		:
bogomips	: 3791.41
clflush size	: 64
cache_alignment	: 64
address sizes	: 39 bits physical, 48 bits virtual
power management:

processor	: 3
vendor_id	: GenuineIntel
cpu family	: 6
model		: 69
model name	: Intel(R) Core(TM) i5-4250U CPU @ 1.30GHz
stepping	: 1
microcode	: 0x16
cpu MHz		: 2404.910
cache size	: 3072 KB
physical id	: 0
siblings	: 4
core id		: 1
cpu cores	: 2
apicid		: 3
initial apicid	: 3
fpu		: yes
fpu_exception	: yes
cpuid level	: 13
wp		: yes
flags		: fpu vme de pse tsc msr pae mce cx8 apic sep mtrr pge mca cmov pat pse36 clflush dts acpi mmx fxsr sse sse2 ss ht tm pbe syscall nx pdpe1gb rdtscp lm constant_tsc arch_perfmon pebs bts rep_good nopl xtopology nonstop_tsc aperfmperf eagerfpu pni pclmulqdq dtes64 monitor ds_cpl vmx est tm2 ssse3 sdbg fma cx16 xtpr pdcm pcid sse4_1 sse4_2 x2apic movbe popcnt tsc_deadline_timer aes xsave avx f16c rdrand lahf_lm abm ida arat epb pln pts dtherm tpr_shadow vnmi flexpriority ept vpid fsgsbase tsc_adjust bmi1 avx2 smep bmi2 erms invpcid xsaveopt
bugs		:
bogomips	: 3791.41
clflush size	: 64
cache_alignment	: 64
address sizes	: 39 bits physical, 48 bits virtual
power management:



Memory: 4k page, physical 8094104k(3622952k free), swap 0k(0k free)

vm_info: OpenJDK 64-Bit Server VM (25.121-b13) for linux-amd64 JRE (1.8.0_121-8u121-b13-0ubuntu1.16.04.2-b13), built on Jan 23 2017 15:51:29 by "buildd" with gcc 5.4.0 20160609

time: Fri Mar 24 17:22:46 2017
elapsed time: 0 seconds (0d 0h 0m 0s)

